1754084861164	geckodriver	INFO	Listening on 127.0.0.1:63467
1754084864250	mozrunner::runner	INFO	Running command: "C:\\Users\\migue\\.cache\\selenium\\firefox\\win64\\141.0\\firefox.exe" "--marionette" "--remote-debugging- ... 8" "--remote-allow-hosts" "localhost" "-no-remote" "-profile" "C:\\Users\\migue\\AppData\\Local\\Temp\\rust_mozprofile4um5Xf"
console.warn: services.settings: Ignoring preference override of remote settings server
console.warn: services.settings: Allow by setting MOZ_REMOTE_SETTINGS_DEVTOOLS=1 in the environment
Dynamically enable window occlusion 0
1754084864567	Marionette	INFO	Marionette enabled
1754084864694	Marionette	INFO	Listening on port 63476
WebDriver BiDi listening on ws://127.0.0.1:63468
Read port: 63476
1754084864809	RemoteAgent	WARN	TLS certificate errors will be ignored for this session
console.warn: LoginRecipes: "Falling back to a synchronous message for: https://automationpratice.com.br."
console.warn: LoginRecipes: "Falling back to a synchronous message for: https://automationpratice.com.br."
1754084868003	Marionette	INFO	Stopped listening on port 63476
Dynamically enable window occlusion 1
JavaScript warning: https://automationpratice.com.br/static/js/6.8f8e448a.chunk.js, line 2: Script terminated by timeout at:
li@https://automationpratice.com.br/static/js/6.8f8e448a.chunk.js:2:31131
numeric@https://automationpratice.com.br/static/js/6.8f8e448a.chunk.js:2:71372
u@https://automationpratice.com.br/static/js/6.8f8e448a.chunk.js:2:839
generateTickLabels@https://automationpratice.com.br/static/js/6.8f8e448a.chunk.js:2:79354
_convertTicksToLabels@https://automationpratice.com.br/static/js/6.8f8e448a.chunk.js:2:82399
update@https://automationpratice.com.br/static/js/6.8f8e448a.chunk.js:2:77769
Ls@https://automationpratice.com.br/static/js/6.8f8e448a.chunk.js:2:103254
update@https://automationpratice.com.br/static/js/6.8f8e448a.chunk.js:2:105636
_updateLayout@https://automationpratice.com.br/static/js/6.8f8e448a.chunk.js:2:122505
update@https://automationpratice.com.br/static/js/6.8f8e448a.chunk.js:2:121333
kn@https://automationpratice.com.br/static/js/6.8f8e448a.chunk.js:2:117407
S@https://automationpratice.com.br/static/js/6.8f8e448a.chunk.js:2:201208
102/Sa/<@https://automationpratice.com.br/static/js/6.8f8e448a.chunk.js:2:201929
Ds@https://automationpratice.com.br/static/js/9.d88ca133.chunk.js:2:245028
t.unstable_runWithPriority@https://automationpratice.com.br/static/js/9.d88ca133.chunk.js:2:262799
Qo@https://automationpratice.com.br/static/js/9.d88ca133.chunk.js:2:185308
zs@https://automationpratice.com.br/static/js/9.d88ca133.chunk.js:2:244489
$s/<@https://automationpratice.com.br/static/js/9.d88ca133.chunk.js:2:244400
R@https://automationpratice.com.br/static/js/9.d88ca133.chunk.js:2:261859
k.port1.onmessage@https://automationpratice.com.br/static/js/9.d88ca133.chunk.js:2:260581

console.error: "Failed to fetch https://ads.mozilla.org/v1/delete_user:" "NetworkError when attempting to fetch resource."
console.warn: TopSitesFeed: Failed to fetch data from MARS server: NetworkError when attempting to fetch resource.
JavaScript error: resource://services-settings/RemoteSettingsClient.sys.mjs, line 101: Error: Unknown callback
