1753908006152	geckodriver	INFO	Listening on 127.0.0.1:64188
1753908009250	mozrunner::runner	INFO	Running command: "C:\\Users\\migue\\.cache\\selenium\\firefox\\win64\\141.0\\firefox.exe" "--marionette" "--remote-debugging- ... 9" "--remote-allow-hosts" "localhost" "-no-remote" "-profile" "C:\\Users\\migue\\AppData\\Local\\Temp\\rust_mozprofileYWcq9k"
console.warn: services.settings: Ignoring preference override of remote settings server
console.warn: services.settings: Allow by setting MOZ_REMOTE_SETTINGS_DEVTOOLS=1 in the environment
Dynamically enable window occlusion 0
1753908009528	Marionette	INFO	Marionette enabled
1753908009640	Marionette	INFO	Listening on port 64200
WebDriver BiDi listening on ws://127.0.0.1:64189
Read port: 64200
1753908009722	RemoteAgent	WARN	TLS certificate errors will be ignored for this session
console.warn: LoginRecipes: "Falling back to a synchronous message for: https://www.saucedemo.com."
console.warn: LoginRecipes: "Falling back to a synchronous message for: https://www.saucedemo.com."
JavaScript warning: https://www.saucedemo.com/static/js/2.84a5cbf3.chunk.js, line 2: Script terminated by timeout at:
get@https://www.saucedemo.com/static/js/2.84a5cbf3.chunk.js:2:123438
r/936/n/7429/value/<@https://www.saucedemo.com/static/js/2.84a5cbf3.chunk.js:2:56726

1753908028732	Marionette	INFO	Stopped listening on port 64200
Dynamically enable window occlusion 1
console.error: "Failed to fetch https://ads.mozilla.org/v1/delete_user:" "NetworkError when attempting to fetch resource."
console.warn: TopSitesFeed: Failed to fetch data from MARS server: NetworkError when attempting to fetch resource.
JavaScript error: resource://services-settings/RemoteSettingsClient.sys.mjs, line 101: Error: Unknown callback
